TN:
SF:src\model\Category.ts
FN:9,Category
FNF:1
FNH:1
FNDA:1,Category
DA:1,1
DA:2,1
DA:3,1
DA:4,1
DA:5,1
DA:6,1
DA:7,1
DA:8,1
DA:9,1
DA:10,1
DA:11,1
DA:12,1
DA:13,1
DA:14,1
DA:15,1
DA:16,1
LF:16
LH:16
BRDA:9,0,0,1
BRF:1
BRH:1
end_of_record
TN:
SF:src\repositories\CategoriesRepository.ts
FN:11,CategoriesRepository
FN:15,create
FN:26,list
FN:30,findByName
FNF:4
FNH:3
FNDA:1,CategoriesRepository
FNDA:1,create
FNDA:0,list
FNDA:1,findByName
DA:1,1
DA:2,1
DA:3,1
DA:4,1
DA:5,1
DA:6,1
DA:7,1
DA:8,1
DA:9,1
DA:10,1
DA:11,1
DA:12,1
DA:13,1
DA:14,1
DA:15,1
DA:16,1
DA:17,1
DA:18,1
DA:19,1
DA:20,1
DA:21,1
DA:22,1
DA:23,1
DA:24,1
DA:25,1
DA:26,1
DA:27,0
DA:28,0
DA:29,1
DA:30,1
DA:31,1
DA:32,1
DA:33,1
DA:34,1
DA:35,1
DA:36,1
LF:36
LH:34
BRDA:11,0,0,1
BRDA:15,1,0,1
BRDA:30,2,0,1
BRF:3
BRH:3
end_of_record
TN:
SF:src\routes\categories.routes.ts
FNF:0
FNH:0
DA:1,1
DA:2,1
DA:3,1
DA:4,1
DA:5,1
DA:6,1
DA:7,1
DA:8,1
DA:9,1
DA:10,1
DA:11,1
DA:12,1
DA:13,1
DA:14,1
DA:15,1
DA:16,1
DA:17,1
DA:18,1
DA:19,0
DA:20,0
DA:21,1
DA:22,1
DA:23,1
LF:23
LH:21
BRDA:8,0,0,1
BRF:1
BRH:1
end_of_record
TN:
SF:src\services\CreateCategoryService.ts
FN:10,CreateCategoryService
FN:11,execute
FNF:2
FNH:2
FNDA:1,CreateCategoryService
FNDA:1,execute
DA:1,1
DA:2,1
DA:3,1
DA:4,1
DA:5,1
DA:6,1
DA:7,1
DA:8,1
DA:9,1
DA:10,1
DA:11,1
DA:12,1
DA:13,1
DA:14,0
DA:15,0
DA:16,1
DA:17,1
DA:18,1
DA:19,1
DA:20,1
DA:21,1
LF:21
LH:19
BRDA:10,0,0,1
BRDA:11,1,0,1
BRDA:13,2,0,0
BRF:3
BRH:2
end_of_record
